\BOOKMARK [0][-]{chapter.1}{Indledning}{}% 1
\BOOKMARK [1][-]{section.1.1}{Initierende problem}{chapter.1}% 2
\BOOKMARK [0][-]{chapter.2}{Problemanalyse}{}% 3
\BOOKMARK [1][-]{section.2.1}{Apopleksi}{chapter.2}% 4
\BOOKMARK [1][-]{section.2.2}{Unders\370gelse og behandling}{chapter.2}% 5
\BOOKMARK [1][-]{section.2.3}{F\370lger af apopleksi }{chapter.2}% 6
\BOOKMARK [1][-]{section.2.4}{Rehabilitering}{chapter.2}% 7
\BOOKMARK [1][-]{section.2.5}{Biofeedback}{chapter.2}% 8
\BOOKMARK [1][-]{section.2.6}{Behandling af biologiske signaler}{chapter.2}% 9
\BOOKMARK [1][-]{section.2.7}{Problemafgr\346nsning}{chapter.2}% 10
\BOOKMARK [1][-]{section.2.8}{Problemformulering}{chapter.2}% 11
\BOOKMARK [0][-]{chapter.3}{Probleml\370sning}{}% 12
\BOOKMARK [1][-]{section.3.1}{Systembeskrivelse}{chapter.3}% 13
\BOOKMARK [1][-]{section.3.2}{Pilotfors\370g}{chapter.3}% 14
\BOOKMARK [1][-]{section.3.3}{Specifikke kravspecifikationer}{chapter.3}% 15
\BOOKMARK [1][-]{section.3.4}{Teori, design, simulering, implementering og test }{chapter.3}% 16
\BOOKMARK [0][-]{section*.76}{Litteratur}{}% 17
\BOOKMARK [0][-]{chapter.A}{Nervesystemer og nervefysiologi}{}% 18
\BOOKMARK [1][-]{section.A.1}{Hjernens anatomi}{chapter.A}% 19
\BOOKMARK [1][-]{section.A.2}{Nervens anatomi}{chapter.A}% 20
\BOOKMARK [1][-]{section.A.3}{Aktionspotentiale}{chapter.A}% 21
\BOOKMARK [0][-]{chapter.B}{Kroppens balance}{}% 22
\BOOKMARK [1][-]{section.B.1}{\330rets bidrag til balance}{chapter.B}% 23
\BOOKMARK [1][-]{section.B.2}{\330jets bidrag til balance}{chapter.B}% 24
\BOOKMARK [1][-]{section.B.3}{Proprioceptorerne og skeletmuskulaturens bidrag til balancen}{chapter.B}% 25
\BOOKMARK [1][-]{section.B.4}{Pilotfors\370g}{chapter.B}% 26
